<?xml version="1.0" encoding="UTF-8"?>
<!-- Generated by org.testng.reporters.JUnitReportReporter -->
<testsuite hostname="DESKTOP-AMDGSAR" failures="0" tests="1" name="testNG.Example" time="24.176" errors="0" timestamp="2023-01-18T11:57:50 EAT" skipped="0">
  <testcase classname="testNG.Example" name="acual" time="24.176"/>
  <system-out/>
</testsuite> <!-- testNG.Example -->
