<?xml version="1.0" encoding="UTF-8"?>
<!-- Generated by org.testng.reporters.JUnitReportReporter -->
<testsuite hostname="DESKTOP-AMDGSAR" failures="0" tests="1" name="testNG.ScrollingWebdemo" time="6.034" errors="0" timestamp="2023-02-02T11:11:18 EAT" skipped="0">
  <testcase classname="testNG.ScrollingWebdemo" name="actualTest" time="6.034"/>
  <system-out/>
</testsuite> <!-- testNG.ScrollingWebdemo -->
