<?xml version="1.0" encoding="UTF-8"?>
<!-- Generated by org.testng.reporters.JUnitReportReporter -->
<testsuite hostname="DESKTOP-AMDGSAR" failures="0" tests="1" name="testNG.IframeHandling" time="10.951" errors="0" timestamp="2023-02-01T13:56:33 EAT" skipped="0">
  <testcase classname="testNG.IframeHandling" name="actualtest" time="10.951"/>
  <system-out/>
</testsuite> <!-- testNG.IframeHandling -->
