<?xml version="1.0" encoding="UTF-8"?>
<!-- Generated by org.testng.reporters.JUnitReportReporter -->
<testsuite hostname="DESKTOP-AMDGSAR" failures="0" tests="1" name="testNG.WaitDemo" time="39.356" errors="0" timestamp="2023-01-31T16:55:59 EAT" skipped="0">
  <testcase classname="testNG.WaitDemo" name="actualTest" time="39.356"/>
  <system-out>
    <![CDATA[Hello World!]]>
  </system-out>
</testsuite> <!-- testNG.WaitDemo -->
