<?xml version="1.0" encoding="UTF-8"?>
<!-- Generated by org.testng.reporters.JUnitReportReporter -->
<testsuite hostname="DESKTOP-AMDGSAR" failures="0" tests="1" name="testNGXMLExample.Google" time="2.641" errors="0" timestamp="2023-01-31T11:00:45 EAT" skipped="0">
  <testcase classname="testNGXMLExample.Google" name="actualTest" time="2.641"/>
  <system-out/>
</testsuite> <!-- testNGXMLExample.Google -->
