<?xml version="1.0" encoding="UTF-8"?>
<!-- Generated by org.testng.reporters.JUnitReportReporter -->
<testsuite hostname="DESKTOP-AMDGSAR" failures="0" tests="1" name="testNG.ScreenshortDemo" time="4.084" errors="0" timestamp="2023-02-03T10:14:05 EAT" skipped="0">
  <testcase classname="testNG.ScreenshortDemo" name="actualTest" time="4.084"/>
  <system-out/>
</testsuite> <!-- testNG.ScreenshortDemo -->
