<?xml version="1.0" encoding="UTF-8"?>
<!-- Generated by org.testng.reporters.JUnitReportReporter -->
<testsuite hostname="DESKTOP-AMDGSAR" failures="0" tests="1" name="testNG.SSLhandling" time="3.211" errors="0" timestamp="2023-02-01T14:27:06 EAT" skipped="0">
  <testcase classname="testNG.SSLhandling" name="actualtest" time="3.211"/>
  <system-out/>
</testsuite> <!-- testNG.SSLhandling -->
