<?xml version="1.0" encoding="UTF-8"?>
<!-- Generated by org.testng.reporters.JUnitReportReporter -->
<testsuite hostname="DESKTOP-AMDGSAR" failures="0" tests="1" name="testNG.Annotations" time="0.023" errors="0" timestamp="2023-01-18T13:51:01 EAT" skipped="0">
  <testcase classname="testNG.Annotations" name="test" time="0.023"/>
  <system-out/>
</testsuite> <!-- testNG.Annotations -->
