<?xml version="1.0" encoding="UTF-8"?>
<!-- Generated by org.testng.reporters.JUnitReportReporter -->
<testsuite hostname="DESKTOP-AMDGSAR" failures="0" tests="4" name="testNG.TestNGexample2" time="24.767" errors="0" timestamp="2023-01-18T22:08:01 EAT" skipped="0">
  <testcase classname="testNG.TestNGexample2" name="testf" time="5.303"/>
  <system-out/>
  <testcase classname="testNG.TestNGexample2" name="test3" time="5.895"/>
  <system-out/>
  <testcase classname="testNG.TestNGexample2" name="test1" time="8.108"/>
  <system-out/>
  <testcase classname="testNG.TestNGexample2" name="test2" time="5.461"/>
  <system-out/>
</testsuite> <!-- testNG.TestNGexample2 -->
