<?xml version="1.0" encoding="UTF-8"?>
<!-- Generated by org.testng.reporters.JUnitReportReporter -->
<testsuite hostname="DESKTOP-AMDGSAR" failures="0" tests="3" name="testNG.MultipleAnnotation" time="0.020" errors="0" timestamp="2023-02-02T13:27:00 EAT" skipped="0">
  <testcase classname="testNG.MultipleAnnotation" name="test3" time="0.003"/>
  <system-out/>
  <testcase classname="testNG.MultipleAnnotation" name="test1" time="0.008"/>
  <system-out/>
  <testcase classname="testNG.MultipleAnnotation" name="test2" time="0.009"/>
  <system-out/>
</testsuite> <!-- testNG.MultipleAnnotation -->
