<?xml version="1.0" encoding="UTF-8"?>
<!-- Generated by org.testng.reporters.JUnitReportReporter -->
<testsuite hostname="DESKTOP-AMDGSAR" failures="0" tests="1" name="testNG.HandlessExampledDemo" time="4.935" errors="0" timestamp="2023-02-02T16:21:12 EAT" skipped="0">
  <testcase classname="testNG.HandlessExampledDemo" name="actualTest" time="4.935"/>
  <system-out/>
</testsuite> <!-- testNG.HandlessExampledDemo -->
