<?xml version="1.0" encoding="UTF-8"?>
<!-- Generated by org.testng.reporters.JUnitReportReporter -->
<testsuite hostname="DESKTOP-AMDGSAR" failures="0" tests="1" name="testNG.OpencartScenarios" time="21.353" errors="0" timestamp="2023-02-03T12:44:21 EAT" skipped="0">
  <testcase classname="testNG.OpencartScenarios" name="actualTest" time="21.353"/>
  <system-out/>
</testsuite> <!-- testNG.OpencartScenarios -->
